django.utils.autoreload INFO 2023-09-02 06:54:50,981 autoreload 6535 4682696128 Watching for file changes with StatReloader
django.utils.autoreload INFO 2023-09-02 06:54:50,981 autoreload 6535 4682696128 Watching for file changes with StatReloader
django.utils.autoreload INFO 2023-09-02 06:54:57,923 autoreload 6545 4429772224 Watching for file changes with StatReloader
django.utils.autoreload INFO 2023-09-02 06:54:57,923 autoreload 6545 4429772224 Watching for file changes with StatReloader
django.utils.autoreload INFO 2023-09-02 07:00:42,043 autoreload 6545 4429772224 /Users/vbellotech/Desktop/PROJECTS/DJANGO AUTHENTICATION/Project/User/views.py changed, reloading.
django.utils.autoreload INFO 2023-09-02 07:00:42,043 autoreload 6545 4429772224 /Users/vbellotech/Desktop/PROJECTS/DJANGO AUTHENTICATION/Project/User/views.py changed, reloading.
django.utils.autoreload INFO 2023-09-02 07:00:43,688 autoreload 6595 4639061440 Watching for file changes with StatReloader
django.utils.autoreload INFO 2023-09-02 07:00:43,688 autoreload 6595 4639061440 Watching for file changes with StatReloader
django.utils.autoreload INFO 2023-09-02 07:00:56,322 autoreload 6595 4639061440 /Users/vbellotech/Desktop/PROJECTS/DJANGO AUTHENTICATION/Project/User/views.py changed, reloading.
django.utils.autoreload INFO 2023-09-02 07:00:56,322 autoreload 6595 4639061440 /Users/vbellotech/Desktop/PROJECTS/DJANGO AUTHENTICATION/Project/User/views.py changed, reloading.
django.utils.autoreload INFO 2023-09-02 07:00:57,811 autoreload 6611 4623943104 Watching for file changes with StatReloader
django.utils.autoreload INFO 2023-09-02 07:00:57,811 autoreload 6611 4623943104 Watching for file changes with StatReloader
django.utils.autoreload INFO 2023-09-02 07:03:15,866 autoreload 6611 4623943104 /Users/vbellotech/Desktop/PROJECTS/DJANGO AUTHENTICATION/Project/User/views.py changed, reloading.
django.utils.autoreload INFO 2023-09-02 07:03:15,866 autoreload 6611 4623943104 /Users/vbellotech/Desktop/PROJECTS/DJANGO AUTHENTICATION/Project/User/views.py changed, reloading.
django.utils.autoreload INFO 2023-09-02 07:03:17,403 autoreload 6659 4541154752 Watching for file changes with StatReloader
django.utils.autoreload INFO 2023-09-02 07:03:17,403 autoreload 6659 4541154752 Watching for file changes with StatReloader
django.utils.autoreload INFO 2023-09-02 07:03:37,065 autoreload 6659 4541154752 /Users/vbellotech/Desktop/PROJECTS/DJANGO AUTHENTICATION/Project/User/views.py changed, reloading.
django.utils.autoreload INFO 2023-09-02 07:03:37,065 autoreload 6659 4541154752 /Users/vbellotech/Desktop/PROJECTS/DJANGO AUTHENTICATION/Project/User/views.py changed, reloading.
django.utils.autoreload INFO 2023-09-02 07:03:37,536 autoreload 6668 4663338432 Watching for file changes with StatReloader
django.utils.autoreload INFO 2023-09-02 07:03:37,536 autoreload 6668 4663338432 Watching for file changes with StatReloader
django.utils.autoreload INFO 2023-09-02 07:03:52,096 autoreload 6668 4663338432 /Users/vbellotech/Desktop/PROJECTS/DJANGO AUTHENTICATION/Project/User/views.py changed, reloading.
django.utils.autoreload INFO 2023-09-02 07:03:52,096 autoreload 6668 4663338432 /Users/vbellotech/Desktop/PROJECTS/DJANGO AUTHENTICATION/Project/User/views.py changed, reloading.
django.utils.autoreload INFO 2023-09-02 07:03:52,675 autoreload 6676 4551525824 Watching for file changes with StatReloader
django.utils.autoreload INFO 2023-09-02 07:03:52,675 autoreload 6676 4551525824 Watching for file changes with StatReloader
django.server INFO 2023-09-02 07:03:54,386 basehttp 6676 123145493381120 "GET /user/signup/ HTTP/1.1" 200 1709
django.server INFO 2023-09-02 07:03:54,386 basehttp 6676 123145493381120 "GET /user/signup/ HTTP/1.1" 200 1709
User.views INFO 2023-09-02 07:05:34,965 views 6676 123145493381120 vbello signed up @ 2023-09-02 07:05:34.965513+00:00
django.server INFO 2023-09-02 07:05:34,968 basehttp 6676 123145493381120 "POST /user/signup/ HTTP/1.1" 302 0
django.server INFO 2023-09-02 07:05:34,968 basehttp 6676 123145493381120 "POST /user/signup/ HTTP/1.1" 302 0
django.request WARNING 2023-09-02 07:05:34,989 log 6676 123145493381120 Not Found: /
django.request WARNING 2023-09-02 07:05:34,989 log 6676 123145493381120 Not Found: /
django.server WARNING 2023-09-02 07:05:34,989 basehttp 6676 123145493381120 "GET / HTTP/1.1" 404 2165
django.server WARNING 2023-09-02 07:05:34,989 basehttp 6676 123145493381120 "GET / HTTP/1.1" 404 2165
django.request WARNING 2023-09-02 11:49:19,578 log 6676 123145493381120 Not Found: /
django.request WARNING 2023-09-02 11:49:19,578 log 6676 123145493381120 Not Found: /
django.server WARNING 2023-09-02 11:49:19,580 basehttp 6676 123145493381120 "GET / HTTP/1.1" 404 2165
django.server WARNING 2023-09-02 11:49:19,580 basehttp 6676 123145493381120 "GET / HTTP/1.1" 404 2165
django.utils.autoreload INFO 2023-09-02 11:49:56,500 autoreload 6676 4551525824 /Users/vbellotech/Desktop/PROJECTS/DJANGO AUTHENTICATION/Project/User/views.py changed, reloading.
django.utils.autoreload INFO 2023-09-02 11:49:56,500 autoreload 6676 4551525824 /Users/vbellotech/Desktop/PROJECTS/DJANGO AUTHENTICATION/Project/User/views.py changed, reloading.
django.utils.autoreload INFO 2023-09-02 11:49:58,011 autoreload 6978 4692084160 Watching for file changes with StatReloader
django.utils.autoreload INFO 2023-09-02 11:49:58,011 autoreload 6978 4692084160 Watching for file changes with StatReloader
django.utils.autoreload INFO 2023-09-02 11:50:20,863 autoreload 6978 4692084160 /Users/vbellotech/Desktop/PROJECTS/DJANGO AUTHENTICATION/Project/User/urls.py changed, reloading.
django.utils.autoreload INFO 2023-09-02 11:50:20,863 autoreload 6978 4692084160 /Users/vbellotech/Desktop/PROJECTS/DJANGO AUTHENTICATION/Project/User/urls.py changed, reloading.
django.utils.autoreload INFO 2023-09-02 11:50:22,362 autoreload 6995 4571022784 Watching for file changes with StatReloader
django.utils.autoreload INFO 2023-09-02 11:50:22,362 autoreload 6995 4571022784 Watching for file changes with StatReloader
django.utils.autoreload INFO 2023-09-02 11:51:29,963 autoreload 6995 4571022784 /Users/vbellotech/Desktop/PROJECTS/DJANGO AUTHENTICATION/Project/User/views.py changed, reloading.
django.utils.autoreload INFO 2023-09-02 11:51:29,963 autoreload 6995 4571022784 /Users/vbellotech/Desktop/PROJECTS/DJANGO AUTHENTICATION/Project/User/views.py changed, reloading.
django.utils.autoreload INFO 2023-09-02 11:51:31,680 autoreload 7018 4765537728 Watching for file changes with StatReloader
django.utils.autoreload INFO 2023-09-02 11:51:31,680 autoreload 7018 4765537728 Watching for file changes with StatReloader
django.utils.autoreload INFO 2023-09-02 11:52:16,083 autoreload 7018 4765537728 /Users/vbellotech/Desktop/PROJECTS/DJANGO AUTHENTICATION/Project/User/views.py changed, reloading.
django.utils.autoreload INFO 2023-09-02 11:52:16,083 autoreload 7018 4765537728 /Users/vbellotech/Desktop/PROJECTS/DJANGO AUTHENTICATION/Project/User/views.py changed, reloading.
django.utils.autoreload INFO 2023-09-02 11:52:17,647 autoreload 7036 4390073792 Watching for file changes with StatReloader
django.utils.autoreload INFO 2023-09-02 11:52:17,647 autoreload 7036 4390073792 Watching for file changes with StatReloader
django.utils.autoreload INFO 2023-09-02 11:53:32,707 autoreload 7036 4390073792 /Users/vbellotech/Desktop/PROJECTS/DJANGO AUTHENTICATION/Project/User/views.py changed, reloading.
django.utils.autoreload INFO 2023-09-02 11:53:32,707 autoreload 7036 4390073792 /Users/vbellotech/Desktop/PROJECTS/DJANGO AUTHENTICATION/Project/User/views.py changed, reloading.
django.utils.autoreload INFO 2023-09-02 11:53:34,234 autoreload 7078 4553569728 Watching for file changes with StatReloader
django.utils.autoreload INFO 2023-09-02 11:53:34,234 autoreload 7078 4553569728 Watching for file changes with StatReloader
django.server INFO 2023-09-02 11:56:36,690 basehttp 7078 123145470771200 "GET /user/login/ HTTP/1.1" 200 140
django.server INFO 2023-09-02 11:56:36,690 basehttp 7078 123145470771200 "GET /user/login/ HTTP/1.1" 200 140
django.server INFO 2023-09-02 11:57:43,956 basehttp 7078 123145470771200 "GET /user/login/ HTTP/1.1" 200 782
django.server INFO 2023-09-02 11:57:43,956 basehttp 7078 123145470771200 "GET /user/login/ HTTP/1.1" 200 782
django.server INFO 2023-09-02 11:57:44,484 basehttp 7078 123145470771200 "GET /user/login/ HTTP/1.1" 200 782
django.server INFO 2023-09-02 11:57:44,484 basehttp 7078 123145470771200 "GET /user/login/ HTTP/1.1" 200 782
django.request ERROR 2023-09-02 11:57:58,523 log 7078 123145470771200 Internal Server Error: /user/login/
Traceback (most recent call last):
  File "/Users/vbellotech/Desktop/PROJECTS/DJANGO AUTHENTICATION/venv/lib/python3.11/site-packages/django/core/handlers/exception.py", line 55, in inner
    response = get_response(request)
               ^^^^^^^^^^^^^^^^^^^^^
  File "/Users/vbellotech/Desktop/PROJECTS/DJANGO AUTHENTICATION/venv/lib/python3.11/site-packages/django/core/handlers/base.py", line 197, in _get_response
    response = wrapped_callback(request, *callback_args, **callback_kwargs)
               ^^^^^^^^^^^^^^^^^^^^^^^^^^^^^^^^^^^^^^^^^^^^^^^^^^^^^^^^^^^^
  File "/Users/vbellotech/Desktop/PROJECTS/DJANGO AUTHENTICATION/venv/lib/python3.11/site-packages/django/views/generic/base.py", line 104, in view
    return self.dispatch(request, *args, **kwargs)
           ^^^^^^^^^^^^^^^^^^^^^^^^^^^^^^^^^^^^^^^
  File "/Users/vbellotech/Desktop/PROJECTS/DJANGO AUTHENTICATION/venv/lib/python3.11/site-packages/django/views/generic/base.py", line 143, in dispatch
    return handler(request, *args, **kwargs)
           ^^^^^^^^^^^^^^^^^^^^^^^^^^^^^^^^^
  File "/Users/vbellotech/Desktop/PROJECTS/DJANGO AUTHENTICATION/Project/User/views.py", line 57, in post
    auth.login(self.request, user)
  File "/Users/vbellotech/Desktop/PROJECTS/DJANGO AUTHENTICATION/venv/lib/python3.11/site-packages/django/contrib/auth/__init__.py", line 138, in login
    request.session[SESSION_KEY] = user._meta.pk.value_to_string(user)
                                   ^^^^^^^^^^
  File "/Users/vbellotech/Desktop/PROJECTS/DJANGO AUTHENTICATION/venv/lib/python3.11/site-packages/django/utils/functional.py", line 268, in inner
    return func(_wrapped, *args)
           ^^^^^^^^^^^^^^^^^^^^^
AttributeError: 'AnonymousUser' object has no attribute '_meta'
django.request ERROR 2023-09-02 11:57:58,523 log 7078 123145470771200 Internal Server Error: /user/login/
Traceback (most recent call last):
  File "/Users/vbellotech/Desktop/PROJECTS/DJANGO AUTHENTICATION/venv/lib/python3.11/site-packages/django/core/handlers/exception.py", line 55, in inner
    response = get_response(request)
               ^^^^^^^^^^^^^^^^^^^^^
  File "/Users/vbellotech/Desktop/PROJECTS/DJANGO AUTHENTICATION/venv/lib/python3.11/site-packages/django/core/handlers/base.py", line 197, in _get_response
    response = wrapped_callback(request, *callback_args, **callback_kwargs)
               ^^^^^^^^^^^^^^^^^^^^^^^^^^^^^^^^^^^^^^^^^^^^^^^^^^^^^^^^^^^^
  File "/Users/vbellotech/Desktop/PROJECTS/DJANGO AUTHENTICATION/venv/lib/python3.11/site-packages/django/views/generic/base.py", line 104, in view
    return self.dispatch(request, *args, **kwargs)
           ^^^^^^^^^^^^^^^^^^^^^^^^^^^^^^^^^^^^^^^
  File "/Users/vbellotech/Desktop/PROJECTS/DJANGO AUTHENTICATION/venv/lib/python3.11/site-packages/django/views/generic/base.py", line 143, in dispatch
    return handler(request, *args, **kwargs)
           ^^^^^^^^^^^^^^^^^^^^^^^^^^^^^^^^^
  File "/Users/vbellotech/Desktop/PROJECTS/DJANGO AUTHENTICATION/Project/User/views.py", line 57, in post
    auth.login(self.request, user)
  File "/Users/vbellotech/Desktop/PROJECTS/DJANGO AUTHENTICATION/venv/lib/python3.11/site-packages/django/contrib/auth/__init__.py", line 138, in login
    request.session[SESSION_KEY] = user._meta.pk.value_to_string(user)
                                   ^^^^^^^^^^
  File "/Users/vbellotech/Desktop/PROJECTS/DJANGO AUTHENTICATION/venv/lib/python3.11/site-packages/django/utils/functional.py", line 268, in inner
    return func(_wrapped, *args)
           ^^^^^^^^^^^^^^^^^^^^^
AttributeError: 'AnonymousUser' object has no attribute '_meta'
django.server ERROR 2023-09-02 11:57:58,526 basehttp 7078 123145470771200 "POST /user/login/ HTTP/1.1" 500 81344
django.server ERROR 2023-09-02 11:57:58,526 basehttp 7078 123145470771200 "POST /user/login/ HTTP/1.1" 500 81344
django.server INFO 2023-09-02 11:58:57,239 basehttp 7078 123145470771200 "GET /user/signup/ HTTP/1.1" 200 1709
django.server INFO 2023-09-02 11:58:57,239 basehttp 7078 123145470771200 "GET /user/signup/ HTTP/1.1" 200 1709
User.views INFO 2023-09-02 11:59:24,119 views 7078 123145470771200 daniel signed up @ 2023-09-02 11:59:24.119116+00:00
django.server INFO 2023-09-02 11:59:24,121 basehttp 7078 123145470771200 "POST /user/signup/ HTTP/1.1" 302 0
django.server INFO 2023-09-02 11:59:24,121 basehttp 7078 123145470771200 "POST /user/signup/ HTTP/1.1" 302 0
django.request WARNING 2023-09-02 11:59:24,134 log 7078 123145470771200 Not Found: /
django.request WARNING 2023-09-02 11:59:24,134 log 7078 123145470771200 Not Found: /
django.server WARNING 2023-09-02 11:59:24,135 basehttp 7078 123145470771200 "GET / HTTP/1.1" 404 2165
django.server WARNING 2023-09-02 11:59:24,135 basehttp 7078 123145470771200 "GET / HTTP/1.1" 404 2165
django.server INFO 2023-09-02 11:59:32,707 basehttp 7078 123145470771200 "GET /user/login/ HTTP/1.1" 200 782
django.server INFO 2023-09-02 11:59:32,707 basehttp 7078 123145470771200 "GET /user/login/ HTTP/1.1" 200 782
django.request ERROR 2023-09-02 11:59:48,349 log 7078 123145470771200 Internal Server Error: /user/login/
Traceback (most recent call last):
  File "/Users/vbellotech/Desktop/PROJECTS/DJANGO AUTHENTICATION/venv/lib/python3.11/site-packages/django/core/handlers/exception.py", line 55, in inner
    response = get_response(request)
               ^^^^^^^^^^^^^^^^^^^^^
  File "/Users/vbellotech/Desktop/PROJECTS/DJANGO AUTHENTICATION/venv/lib/python3.11/site-packages/django/core/handlers/base.py", line 197, in _get_response
    response = wrapped_callback(request, *callback_args, **callback_kwargs)
               ^^^^^^^^^^^^^^^^^^^^^^^^^^^^^^^^^^^^^^^^^^^^^^^^^^^^^^^^^^^^
  File "/Users/vbellotech/Desktop/PROJECTS/DJANGO AUTHENTICATION/venv/lib/python3.11/site-packages/django/views/generic/base.py", line 104, in view
    return self.dispatch(request, *args, **kwargs)
           ^^^^^^^^^^^^^^^^^^^^^^^^^^^^^^^^^^^^^^^
  File "/Users/vbellotech/Desktop/PROJECTS/DJANGO AUTHENTICATION/venv/lib/python3.11/site-packages/django/views/generic/base.py", line 143, in dispatch
    return handler(request, *args, **kwargs)
           ^^^^^^^^^^^^^^^^^^^^^^^^^^^^^^^^^
  File "/Users/vbellotech/Desktop/PROJECTS/DJANGO AUTHENTICATION/Project/User/views.py", line 57, in post
    auth.login(self.request, user)
  File "/Users/vbellotech/Desktop/PROJECTS/DJANGO AUTHENTICATION/venv/lib/python3.11/site-packages/django/contrib/auth/__init__.py", line 138, in login
    request.session[SESSION_KEY] = user._meta.pk.value_to_string(user)
                                   ^^^^^^^^^^
  File "/Users/vbellotech/Desktop/PROJECTS/DJANGO AUTHENTICATION/venv/lib/python3.11/site-packages/django/utils/functional.py", line 268, in inner
    return func(_wrapped, *args)
           ^^^^^^^^^^^^^^^^^^^^^
AttributeError: 'AnonymousUser' object has no attribute '_meta'
django.request ERROR 2023-09-02 11:59:48,349 log 7078 123145470771200 Internal Server Error: /user/login/
Traceback (most recent call last):
  File "/Users/vbellotech/Desktop/PROJECTS/DJANGO AUTHENTICATION/venv/lib/python3.11/site-packages/django/core/handlers/exception.py", line 55, in inner
    response = get_response(request)
               ^^^^^^^^^^^^^^^^^^^^^
  File "/Users/vbellotech/Desktop/PROJECTS/DJANGO AUTHENTICATION/venv/lib/python3.11/site-packages/django/core/handlers/base.py", line 197, in _get_response
    response = wrapped_callback(request, *callback_args, **callback_kwargs)
               ^^^^^^^^^^^^^^^^^^^^^^^^^^^^^^^^^^^^^^^^^^^^^^^^^^^^^^^^^^^^
  File "/Users/vbellotech/Desktop/PROJECTS/DJANGO AUTHENTICATION/venv/lib/python3.11/site-packages/django/views/generic/base.py", line 104, in view
    return self.dispatch(request, *args, **kwargs)
           ^^^^^^^^^^^^^^^^^^^^^^^^^^^^^^^^^^^^^^^
  File "/Users/vbellotech/Desktop/PROJECTS/DJANGO AUTHENTICATION/venv/lib/python3.11/site-packages/django/views/generic/base.py", line 143, in dispatch
    return handler(request, *args, **kwargs)
           ^^^^^^^^^^^^^^^^^^^^^^^^^^^^^^^^^
  File "/Users/vbellotech/Desktop/PROJECTS/DJANGO AUTHENTICATION/Project/User/views.py", line 57, in post
    auth.login(self.request, user)
  File "/Users/vbellotech/Desktop/PROJECTS/DJANGO AUTHENTICATION/venv/lib/python3.11/site-packages/django/contrib/auth/__init__.py", line 138, in login
    request.session[SESSION_KEY] = user._meta.pk.value_to_string(user)
                                   ^^^^^^^^^^
  File "/Users/vbellotech/Desktop/PROJECTS/DJANGO AUTHENTICATION/venv/lib/python3.11/site-packages/django/utils/functional.py", line 268, in inner
    return func(_wrapped, *args)
           ^^^^^^^^^^^^^^^^^^^^^
AttributeError: 'AnonymousUser' object has no attribute '_meta'
django.server ERROR 2023-09-02 11:59:48,350 basehttp 7078 123145470771200 "POST /user/login/ HTTP/1.1" 500 81344
django.server ERROR 2023-09-02 11:59:48,350 basehttp 7078 123145470771200 "POST /user/login/ HTTP/1.1" 500 81344
django.utils.autoreload INFO 2023-09-02 12:01:53,166 autoreload 7078 4553569728 /Users/vbellotech/Desktop/PROJECTS/DJANGO AUTHENTICATION/Project/Project/settings/settings.py changed, reloading.
django.utils.autoreload INFO 2023-09-02 12:01:53,166 autoreload 7078 4553569728 /Users/vbellotech/Desktop/PROJECTS/DJANGO AUTHENTICATION/Project/Project/settings/settings.py changed, reloading.
django.utils.autoreload INFO 2023-09-02 12:01:54,830 autoreload 7166 4557768128 Watching for file changes with StatReloader
django.utils.autoreload INFO 2023-09-02 12:01:54,830 autoreload 7166 4557768128 Watching for file changes with StatReloader
django.utils.autoreload INFO 2023-09-02 12:05:40,748 autoreload 7166 4557768128 /Users/vbellotech/Desktop/PROJECTS/DJANGO AUTHENTICATION/Project/User/views.py changed, reloading.
django.utils.autoreload INFO 2023-09-02 12:05:40,748 autoreload 7166 4557768128 /Users/vbellotech/Desktop/PROJECTS/DJANGO AUTHENTICATION/Project/User/views.py changed, reloading.
django.utils.autoreload INFO 2023-09-02 12:05:42,224 autoreload 7215 4757812672 Watching for file changes with StatReloader
django.utils.autoreload INFO 2023-09-02 12:05:42,224 autoreload 7215 4757812672 Watching for file changes with StatReloader
django.utils.autoreload INFO 2023-09-02 12:06:13,184 autoreload 7215 4757812672 /Users/vbellotech/Desktop/PROJECTS/DJANGO AUTHENTICATION/Project/User/views.py changed, reloading.
django.utils.autoreload INFO 2023-09-02 12:06:13,184 autoreload 7215 4757812672 /Users/vbellotech/Desktop/PROJECTS/DJANGO AUTHENTICATION/Project/User/views.py changed, reloading.
django.utils.autoreload INFO 2023-09-02 12:06:14,595 autoreload 7231 4464272832 Watching for file changes with StatReloader
django.utils.autoreload INFO 2023-09-02 12:06:14,595 autoreload 7231 4464272832 Watching for file changes with StatReloader
django.server INFO 2023-09-02 12:06:16,419 basehttp 7231 123145379831808 "POST /user/login/ HTTP/1.1" 302 0
django.server INFO 2023-09-02 12:06:16,419 basehttp 7231 123145379831808 "POST /user/login/ HTTP/1.1" 302 0
django.request WARNING 2023-09-02 12:06:16,450 log 7231 123145379831808 Not Found: /
django.request WARNING 2023-09-02 12:06:16,450 log 7231 123145379831808 Not Found: /
django.server WARNING 2023-09-02 12:06:16,450 basehttp 7231 123145379831808 "GET / HTTP/1.1" 404 2165
django.server WARNING 2023-09-02 12:06:16,450 basehttp 7231 123145379831808 "GET / HTTP/1.1" 404 2165
django.utils.autoreload INFO 2023-09-02 12:06:48,649 autoreload 7231 4464272832 /Users/vbellotech/Desktop/PROJECTS/DJANGO AUTHENTICATION/Project/User/views.py changed, reloading.
django.utils.autoreload INFO 2023-09-02 12:06:48,649 autoreload 7231 4464272832 /Users/vbellotech/Desktop/PROJECTS/DJANGO AUTHENTICATION/Project/User/views.py changed, reloading.
django.utils.autoreload INFO 2023-09-02 12:06:49,755 autoreload 7251 4568987072 Watching for file changes with StatReloader
django.utils.autoreload INFO 2023-09-02 12:06:49,755 autoreload 7251 4568987072 Watching for file changes with StatReloader
django.server INFO 2023-09-02 12:06:51,458 basehttp 7251 123145396690944 "GET /user/login/ HTTP/1.1" 200 782
django.server INFO 2023-09-02 12:06:51,458 basehttp 7251 123145396690944 "GET /user/login/ HTTP/1.1" 200 782
django.server INFO 2023-09-02 12:06:57,108 basehttp 7251 123145396690944 "POST /user/login/ HTTP/1.1" 302 0
django.server INFO 2023-09-02 12:06:57,108 basehttp 7251 123145396690944 "POST /user/login/ HTTP/1.1" 302 0
django.server INFO 2023-09-02 12:06:57,114 basehttp 7251 123145396690944 "GET /user/login/ HTTP/1.1" 200 782
django.server INFO 2023-09-02 12:06:57,114 basehttp 7251 123145396690944 "GET /user/login/ HTTP/1.1" 200 782
django.utils.autoreload INFO 2023-09-02 12:07:16,690 autoreload 7251 4568987072 /Users/vbellotech/Desktop/PROJECTS/DJANGO AUTHENTICATION/Project/User/views.py changed, reloading.
django.utils.autoreload INFO 2023-09-02 12:07:16,690 autoreload 7251 4568987072 /Users/vbellotech/Desktop/PROJECTS/DJANGO AUTHENTICATION/Project/User/views.py changed, reloading.
django.utils.autoreload INFO 2023-09-02 12:07:18,067 autoreload 7263 4793439680 Watching for file changes with StatReloader
django.utils.autoreload INFO 2023-09-02 12:07:18,067 autoreload 7263 4793439680 Watching for file changes with StatReloader
django.server INFO 2023-09-02 12:08:15,527 basehttp 7263 123145522122752 "POST /user/login/ HTTP/1.1" 302 0
django.server INFO 2023-09-02 12:08:15,527 basehttp 7263 123145522122752 "POST /user/login/ HTTP/1.1" 302 0
django.server INFO 2023-09-02 12:08:15,561 basehttp 7263 123145522122752 "GET /user/login/ HTTP/1.1" 200 782
django.server INFO 2023-09-02 12:08:15,561 basehttp 7263 123145522122752 "GET /user/login/ HTTP/1.1" 200 782
django.utils.autoreload INFO 2023-09-02 12:08:39,216 autoreload 7263 4793439680 /Users/vbellotech/Desktop/PROJECTS/DJANGO AUTHENTICATION/Project/User/views.py changed, reloading.
django.utils.autoreload INFO 2023-09-02 12:08:39,216 autoreload 7263 4793439680 /Users/vbellotech/Desktop/PROJECTS/DJANGO AUTHENTICATION/Project/User/views.py changed, reloading.
django.utils.autoreload INFO 2023-09-02 12:08:40,250 autoreload 7278 4542383552 Watching for file changes with StatReloader
django.utils.autoreload INFO 2023-09-02 12:08:40,250 autoreload 7278 4542383552 Watching for file changes with StatReloader
django.server INFO 2023-09-02 12:08:56,531 basehttp 7278 123145495269376 "POST /user/login/ HTTP/1.1" 302 0
django.server INFO 2023-09-02 12:08:56,531 basehttp 7278 123145495269376 "POST /user/login/ HTTP/1.1" 302 0
django.server INFO 2023-09-02 12:08:56,567 basehttp 7278 123145495269376 "GET /user/login/ HTTP/1.1" 200 782
django.server INFO 2023-09-02 12:08:56,567 basehttp 7278 123145495269376 "GET /user/login/ HTTP/1.1" 200 782
django.utils.autoreload INFO 2023-09-02 12:11:38,341 autoreload 7278 4542383552 /Users/vbellotech/Desktop/PROJECTS/DJANGO AUTHENTICATION/Project/User/views.py changed, reloading.
django.utils.autoreload INFO 2023-09-02 12:11:38,341 autoreload 7278 4542383552 /Users/vbellotech/Desktop/PROJECTS/DJANGO AUTHENTICATION/Project/User/views.py changed, reloading.
django.utils.autoreload INFO 2023-09-02 12:11:39,901 autoreload 7308 4531361216 Watching for file changes with StatReloader
django.utils.autoreload INFO 2023-09-02 12:11:39,901 autoreload 7308 4531361216 Watching for file changes with StatReloader
django.utils.autoreload INFO 2023-09-02 12:14:05,104 autoreload 7308 4531361216 /Users/vbellotech/Desktop/PROJECTS/DJANGO AUTHENTICATION/Project/User/views.py changed, reloading.
django.utils.autoreload INFO 2023-09-02 12:14:05,104 autoreload 7308 4531361216 /Users/vbellotech/Desktop/PROJECTS/DJANGO AUTHENTICATION/Project/User/views.py changed, reloading.
django.utils.autoreload INFO 2023-09-02 12:14:06,130 autoreload 7339 4694422976 Watching for file changes with StatReloader
django.utils.autoreload INFO 2023-09-02 12:14:06,130 autoreload 7339 4694422976 Watching for file changes with StatReloader
django.utils.autoreload INFO 2023-09-02 12:14:35,977 autoreload 7339 4694422976 /Users/vbellotech/Desktop/PROJECTS/DJANGO AUTHENTICATION/Project/User/views.py changed, reloading.
django.utils.autoreload INFO 2023-09-02 12:14:35,977 autoreload 7339 4694422976 /Users/vbellotech/Desktop/PROJECTS/DJANGO AUTHENTICATION/Project/User/views.py changed, reloading.
django.utils.autoreload INFO 2023-09-02 12:14:36,695 autoreload 7346 4434044352 Watching for file changes with StatReloader
django.utils.autoreload INFO 2023-09-02 12:14:36,695 autoreload 7346 4434044352 Watching for file changes with StatReloader
django.utils.autoreload INFO 2023-09-02 12:15:46,418 autoreload 7346 4434044352 /Users/vbellotech/Desktop/PROJECTS/DJANGO AUTHENTICATION/Project/User/urls.py changed, reloading.
django.utils.autoreload INFO 2023-09-02 12:15:46,418 autoreload 7346 4434044352 /Users/vbellotech/Desktop/PROJECTS/DJANGO AUTHENTICATION/Project/User/urls.py changed, reloading.
django.utils.autoreload INFO 2023-09-02 12:15:47,233 autoreload 7379 4405999040 Watching for file changes with StatReloader
django.utils.autoreload INFO 2023-09-02 12:15:47,233 autoreload 7379 4405999040 Watching for file changes with StatReloader
django.utils.autoreload INFO 2023-09-02 12:15:52,618 autoreload 7379 4405999040 /Users/vbellotech/Desktop/PROJECTS/DJANGO AUTHENTICATION/Project/User/urls.py changed, reloading.
django.utils.autoreload INFO 2023-09-02 12:15:52,618 autoreload 7379 4405999040 /Users/vbellotech/Desktop/PROJECTS/DJANGO AUTHENTICATION/Project/User/urls.py changed, reloading.
django.utils.autoreload INFO 2023-09-02 12:15:53,121 autoreload 7389 4722591168 Watching for file changes with StatReloader
django.utils.autoreload INFO 2023-09-02 12:15:53,121 autoreload 7389 4722591168 Watching for file changes with StatReloader
django.utils.autoreload INFO 2023-09-02 12:16:30,223 autoreload 7389 4722591168 /Users/vbellotech/Desktop/PROJECTS/DJANGO AUTHENTICATION/Project/User/views.py changed, reloading.
django.utils.autoreload INFO 2023-09-02 12:16:30,223 autoreload 7389 4722591168 /Users/vbellotech/Desktop/PROJECTS/DJANGO AUTHENTICATION/Project/User/views.py changed, reloading.
django.utils.autoreload INFO 2023-09-02 12:16:30,780 autoreload 7410 4420502976 Watching for file changes with StatReloader
django.utils.autoreload INFO 2023-09-02 12:16:30,780 autoreload 7410 4420502976 Watching for file changes with StatReloader
django.utils.autoreload INFO 2023-09-03 02:09:35,369 autoreload 7410 4420502976 /Users/vbellotech/Desktop/PROJECTS/DJANGO AUTHENTICATION/Project/User/views.py changed, reloading.
django.utils.autoreload INFO 2023-09-03 02:09:35,369 autoreload 7410 4420502976 /Users/vbellotech/Desktop/PROJECTS/DJANGO AUTHENTICATION/Project/User/views.py changed, reloading.
django.utils.autoreload INFO 2023-09-03 02:09:37,009 autoreload 8325 4390680000 Watching for file changes with StatReloader
django.utils.autoreload INFO 2023-09-03 02:09:37,009 autoreload 8325 4390680000 Watching for file changes with StatReloader
django.utils.autoreload INFO 2023-09-04 04:28:05,027 autoreload 8325 4390680000 /Users/vbellotech/Desktop/PROJECTS/DJANGO AUTHENTICATION/Project/User/views.py changed, reloading.
django.utils.autoreload INFO 2023-09-04 04:28:05,027 autoreload 8325 4390680000 /Users/vbellotech/Desktop/PROJECTS/DJANGO AUTHENTICATION/Project/User/views.py changed, reloading.
django.utils.autoreload INFO 2023-09-04 04:28:06,652 autoreload 9484 4798174656 Watching for file changes with StatReloader
django.utils.autoreload INFO 2023-09-04 04:28:06,652 autoreload 9484 4798174656 Watching for file changes with StatReloader
